Using pre-set license
Built from '2020.3/staging' branch; Version is '2020.3.6f1 (338bb68529b2) revision 3378102'; Using compiler version '192528614'; Build Type 'Release'
OS: 'Windows 10 Home Single Language; OS build 19042.985; Version 2009; 64bit' Language: 'en' Physical Memory: 8076 MB
BatchMode: 1, IsHumanControllingUs: 0, StartBugReporterOnCrash: 0, Is64bit: 1, IsPro: 0

 COMMAND LINE ARGUMENTS:
C:\Program Files\Unity\Hub\Editor\2020.3.0f1\Editor\Unity.exe
-adb2
-batchMode
-noUpm
-name
AssetImportWorker0
-projectPath
D:/MS Word files/School/ADMU/3rd year/2nd Sem/ISCS Game Dev/Shmup
-logFile
Logs/AssetImportWorker0.log
-srvPort
51837
Successfully changed project path to: D:/MS Word files/School/ADMU/3rd year/2nd Sem/ISCS Game Dev/Shmup
D:/MS Word files/School/ADMU/3rd year/2nd Sem/ISCS Game Dev/Shmup
Using Asset Import Pipeline V2.
Refreshing native plugins compatible for Editor in 45.35 ms, found 1 plugins.
Preloading 0 native plugins for Editor in 0.00 ms.
Initialize engine version: 2020.3.6f1 (338bb68529b2)
[Subsystems] Discovering subsystems at path C:/Program Files/Unity/Hub/Editor/2020.3.0f1/Editor/Data/Resources/UnitySubsystems
[Subsystems] Discovering subsystems at path D:/MS Word files/School/ADMU/3rd year/2nd Sem/ISCS Game Dev/Shmup/Assets
GfxDevice: creating device client; threaded=0
Direct3D:
    Version:  Direct3D 11.0 [level 11.1]
    Renderer: NVIDIA GeForce GTX 1050 (ID=0x1c8d)
    Vendor:   
    VRAM:     1979 MB
    Driver:   27.21.14.6589
Initialize mono
Mono path[0] = 'C:/Program Files/Unity/Hub/Editor/2020.3.0f1/Editor/Data/Managed'
Mono path[1] = 'C:/Program Files/Unity/Hub/Editor/2020.3.0f1/Editor/Data/MonoBleedingEdge/lib/mono/unityjit'
Mono config path = 'C:/Program Files/Unity/Hub/Editor/2020.3.0f1/Editor/Data/MonoBleedingEdge/etc'
Using monoOptions --debugger-agent=transport=dt_socket,embedding=1,server=y,suspend=n,address=127.0.0.1:56152
Begin MonoManager ReloadAssembly
Registering precompiled unity dll's ...
Register platform support module: C:/Program Files/Unity/Hub/Editor/2020.3.0f1/Editor/Data/PlaybackEngines/WindowsStandaloneSupport/UnityEditor.WindowsStandalone.Extensions.dll
Registered in 0.003249 seconds.
Native extension for WindowsStandalone target not found
Refreshing native plugins compatible for Editor in 53.97 ms, found 1 plugins.
Preloading 0 native plugins for Editor in 0.00 ms.
Mono: successfully reloaded assembly
- Completed reload, in  1.674 seconds
Platform modules already initialized, skipping
Registering precompiled user dll's ...
Registered in 0.001102 seconds.
Begin MonoManager ReloadAssembly
Native extension for WindowsStandalone target not found
Refreshing native plugins compatible for Editor in 50.43 ms, found 1 plugins.
Preloading 0 native plugins for Editor in 0.00 ms.
Mono: successfully reloaded assembly
- Completed reload, in  1.581 seconds
Platform modules already initialized, skipping
========================================================================
Worker process is ready to serve import requests
Launched and connected shader compiler UnityShaderCompiler.exe after 0.06 seconds
Refreshing native plugins compatible for Editor in 0.44 ms, found 1 plugins.
Preloading 0 native plugins for Editor in 0.00 ms.
Unloading 1810 Unused Serialized files (Serialized files now loaded: 0)
System memory in use before: 85.0 MB.
System memory in use after: 84.9 MB.

Unloading 24 unused Assets to reduce memory usage. Loaded Objects now: 2253.
Total: 3.140600 ms (FindLiveObjects: 0.679300 ms CreateObjectMapping: 0.251600 ms MarkObjects: 2.068500 ms  DeleteObjects: 0.139400 ms)

========================================================================
Received Import Request.
  path: Assets/Scripts/Player.cs
  artifactKey: Guid(ac69a7c7d8f1cee40a2646dd58363a4f) Importer(815301076,1909f56bfc062723c751e8b465ee728b)
Start importing Assets/Scripts/Player.cs using Guid(ac69a7c7d8f1cee40a2646dd58363a4f) Importer(815301076,1909f56bfc062723c751e8b465ee728b)  -> (artifact id: 'eb04464e76329d03f315f33f321fe543') in 0.040188 seconds
  Import took 0.044802 seconds .

========================================================================
Received Prepare
Registering precompiled user dll's ...
Registered in 0.001157 seconds.
Begin MonoManager ReloadAssembly
Native extension for WindowsStandalone target not found
Refreshing native plugins compatible for Editor in 0.39 ms, found 1 plugins.
Preloading 0 native plugins for Editor in 0.00 ms.
Mono: successfully reloaded assembly
- Completed reload, in  1.319 seconds
Platform modules already initialized, skipping
Refreshing native plugins compatible for Editor in 0.35 ms, found 1 plugins.
Preloading 0 native plugins for Editor in 0.00 ms.
Unloading 1806 Unused Serialized files (Serialized files now loaded: 0)
System memory in use before: 84.9 MB.
System memory in use after: 84.9 MB.

Unloading 12 unused Assets to reduce memory usage. Loaded Objects now: 2258.
Total: 5.135900 ms (FindLiveObjects: 0.524400 ms CreateObjectMapping: 0.088600 ms MarkObjects: 4.326300 ms  DeleteObjects: 0.194500 ms)

========================================================================
Received Import Request.
  Time since last request: 458.883442 seconds.
  path: Assets/Prefabs/Enemy.prefab
  artifactKey: Guid(0d0fef18100ed5744bf073de4c019559) Importer(815301076,1909f56bfc062723c751e8b465ee728b)
Start importing Assets/Prefabs/Enemy.prefab using Guid(0d0fef18100ed5744bf073de4c019559) Importer(815301076,1909f56bfc062723c751e8b465ee728b)  -> (artifact id: '080ec3a629bf1f53d3e957b500eb6195') in 0.332801 seconds
  Import took 0.336751 seconds .

========================================================================
Received Prepare
Registering precompiled user dll's ...
Registered in 0.003521 seconds.
Begin MonoManager ReloadAssembly
Native extension for WindowsStandalone target not found
Refreshing native plugins compatible for Editor in 0.59 ms, found 1 plugins.
Preloading 0 native plugins for Editor in 0.00 ms.
Mono: successfully reloaded assembly
- Completed reload, in  1.286 seconds
Platform modules already initialized, skipping
Refreshing native plugins compatible for Editor in 0.39 ms, found 1 plugins.
Preloading 0 native plugins for Editor in 0.00 ms.
Unloading 1806 Unused Serialized files (Serialized files now loaded: 0)
System memory in use before: 88.1 MB.
System memory in use after: 88.0 MB.

Unloading 12 unused Assets to reduce memory usage. Loaded Objects now: 2269.
Total: 2.706600 ms (FindLiveObjects: 0.448600 ms CreateObjectMapping: 0.160300 ms MarkObjects: 1.932600 ms  DeleteObjects: 0.162500 ms)

========================================================================
Received Import Request.
  Time since last request: 19.194804 seconds.
  path: Assets/Scripts/EnemyPathing.cs
  artifactKey: Guid(9f607b116da53364f845ccdc2c14e15e) Importer(815301076,1909f56bfc062723c751e8b465ee728b)
Start importing Assets/Scripts/EnemyPathing.cs using Guid(9f607b116da53364f845ccdc2c14e15e) Importer(815301076,1909f56bfc062723c751e8b465ee728b)  -> (artifact id: 'd8f6394929ea81405c1b18a4d1ef6172') in 0.016765 seconds
  Import took 0.021072 seconds .

========================================================================
Received Prepare
Registering precompiled user dll's ...
Registered in 0.027811 seconds.
Begin MonoManager ReloadAssembly
Native extension for WindowsStandalone target not found
Refreshing native plugins compatible for Editor in 0.40 ms, found 1 plugins.
Preloading 0 native plugins for Editor in 0.00 ms.
Mono: successfully reloaded assembly
- Completed reload, in  1.080 seconds
Platform modules already initialized, skipping
Refreshing native plugins compatible for Editor in 0.42 ms, found 1 plugins.
Preloading 0 native plugins for Editor in 0.00 ms.
Unloading 1806 Unused Serialized files (Serialized files now loaded: 0)
System memory in use before: 88.1 MB.
System memory in use after: 88.1 MB.

Unloading 12 unused Assets to reduce memory usage. Loaded Objects now: 2273.
Total: 3.521100 ms (FindLiveObjects: 0.410000 ms CreateObjectMapping: 0.114400 ms MarkObjects: 2.783300 ms  DeleteObjects: 0.211600 ms)

========================================================================
Received Import Request.
  Time since last request: 142.754817 seconds.
  path: Assets/Scripts/EnemyPathing.cs
  artifactKey: Guid(9f607b116da53364f845ccdc2c14e15e) Importer(815301076,1909f56bfc062723c751e8b465ee728b)
Start importing Assets/Scripts/EnemyPathing.cs using Guid(9f607b116da53364f845ccdc2c14e15e) Importer(815301076,1909f56bfc062723c751e8b465ee728b)  -> (artifact id: '69c4421562bda9582b9ec55002ffba86') in 0.015990 seconds
  Import took 0.020612 seconds .

========================================================================
Received Import Request.
  Time since last request: 11.512630 seconds.
  path: Assets/Paths
  artifactKey: Guid(ef17964e065ae5c4cb20e78a19d5bf02) Importer(815301076,1909f56bfc062723c751e8b465ee728b)
Start importing Assets/Paths using Guid(ef17964e065ae5c4cb20e78a19d5bf02) Importer(815301076,1909f56bfc062723c751e8b465ee728b)  -> (artifact id: 'cfd9105c53a9baea4df944c262d1a1b4') in 0.009417 seconds
  Import took 0.013203 seconds .

========================================================================
Received Import Request.
  Time since last request: 8.675647 seconds.
  path: Assets/Paths/Path (0).prefab
  artifactKey: Guid(4f9aff70046e17244b7967f629162cc6) Importer(815301076,1909f56bfc062723c751e8b465ee728b)
Start importing Assets/Paths/Path (0).prefab using Guid(4f9aff70046e17244b7967f629162cc6) Importer(815301076,1909f56bfc062723c751e8b465ee728b)  -> (artifact id: 'c86e43fd31f77a1b72a9b8f65d501f16') in 0.049161 seconds
  Import took 0.053138 seconds .

========================================================================
Received Import Request.
  Time since last request: 0.001177 seconds.
  path: Assets/Paths/Path (0).prefab
  artifactKey: Guid(4f9aff70046e17244b7967f629162cc6) Importer(815301076,1909f56bfc062723c751e8b465ee728b)
Start importing Assets/Paths/Path (0).prefab using Guid(4f9aff70046e17244b7967f629162cc6) Importer(815301076,1909f56bfc062723c751e8b465ee728b)  -> (artifact id: 'c86e43fd31f77a1b72a9b8f65d501f16') in 0.006549 seconds
  Import took 0.011432 seconds .

========================================================================
Received Prepare
Registering precompiled user dll's ...
Registered in 0.001114 seconds.
Begin MonoManager ReloadAssembly
Native extension for WindowsStandalone target not found
Refreshing native plugins compatible for Editor in 0.50 ms, found 1 plugins.
Preloading 0 native plugins for Editor in 0.00 ms.
Mono: successfully reloaded assembly
- Completed reload, in  1.056 seconds
Platform modules already initialized, skipping
Refreshing native plugins compatible for Editor in 0.39 ms, found 1 plugins.
Preloading 0 native plugins for Editor in 0.00 ms.
Unloading 1806 Unused Serialized files (Serialized files now loaded: 0)
System memory in use before: 88.1 MB.
System memory in use after: 88.1 MB.

Unloading 12 unused Assets to reduce memory usage. Loaded Objects now: 2277.
Total: 2.674600 ms (FindLiveObjects: 0.489100 ms CreateObjectMapping: 0.185500 ms MarkObjects: 1.821200 ms  DeleteObjects: 0.177700 ms)

========================================================================
Received Prepare
Registering precompiled user dll's ...
Registered in 0.001047 seconds.
Begin MonoManager ReloadAssembly
Native extension for WindowsStandalone target not found
Refreshing native plugins compatible for Editor in 0.34 ms, found 1 plugins.
Preloading 0 native plugins for Editor in 0.00 ms.
Mono: successfully reloaded assembly
- Completed reload, in  1.090 seconds
Platform modules already initialized, skipping
Refreshing native plugins compatible for Editor in 0.34 ms, found 1 plugins.
Preloading 0 native plugins for Editor in 0.00 ms.
Unloading 1806 Unused Serialized files (Serialized files now loaded: 0)
System memory in use before: 88.1 MB.
System memory in use after: 88.1 MB.

Unloading 12 unused Assets to reduce memory usage. Loaded Objects now: 2281.
Total: 4.863400 ms (FindLiveObjects: 0.970100 ms CreateObjectMapping: 0.190200 ms MarkObjects: 3.543700 ms  DeleteObjects: 0.156100 ms)

========================================================================
Received Prepare
Registering precompiled user dll's ...
Registered in 0.000973 seconds.
Begin MonoManager ReloadAssembly
Native extension for WindowsStandalone target not found
Refreshing native plugins compatible for Editor in 0.34 ms, found 1 plugins.
Preloading 0 native plugins for Editor in 0.00 ms.
Mono: successfully reloaded assembly
- Completed reload, in  0.983 seconds
Platform modules already initialized, skipping
Refreshing native plugins compatible for Editor in 0.34 ms, found 1 plugins.
Preloading 0 native plugins for Editor in 0.00 ms.
Unloading 1806 Unused Serialized files (Serialized files now loaded: 0)
System memory in use before: 88.1 MB.
System memory in use after: 88.1 MB.

Unloading 12 unused Assets to reduce memory usage. Loaded Objects now: 2285.
Total: 2.839300 ms (FindLiveObjects: 0.370200 ms CreateObjectMapping: 0.076300 ms MarkObjects: 2.208500 ms  DeleteObjects: 0.183100 ms)

========================================================================
Received Prepare
Registering precompiled user dll's ...
Registered in 0.000994 seconds.
Begin MonoManager ReloadAssembly
Native extension for WindowsStandalone target not found
Refreshing native plugins compatible for Editor in 0.36 ms, found 1 plugins.
Preloading 0 native plugins for Editor in 0.00 ms.
Mono: successfully reloaded assembly
- Completed reload, in  1.066 seconds
Platform modules already initialized, skipping
Refreshing native plugins compatible for Editor in 0.35 ms, found 1 plugins.
Preloading 0 native plugins for Editor in 0.00 ms.
Unloading 1806 Unused Serialized files (Serialized files now loaded: 0)
System memory in use before: 88.1 MB.
System memory in use after: 88.1 MB.

Unloading 12 unused Assets to reduce memory usage. Loaded Objects now: 2289.
Total: 2.748700 ms (FindLiveObjects: 0.354100 ms CreateObjectMapping: 0.117600 ms MarkObjects: 2.104700 ms  DeleteObjects: 0.171100 ms)

========================================================================
Received Prepare
Registering precompiled user dll's ...
Registered in 0.000918 seconds.
Begin MonoManager ReloadAssembly
Native extension for WindowsStandalone target not found
Refreshing native plugins compatible for Editor in 0.35 ms, found 1 plugins.
Preloading 0 native plugins for Editor in 0.00 ms.
Mono: successfully reloaded assembly
- Completed reload, in  1.128 seconds
Platform modules already initialized, skipping
Refreshing native plugins compatible for Editor in 0.52 ms, found 1 plugins.
Preloading 0 native plugins for Editor in 0.00 ms.
Unloading 1806 Unused Serialized files (Serialized files now loaded: 0)
System memory in use before: 88.1 MB.
System memory in use after: 88.1 MB.

Unloading 12 unused Assets to reduce memory usage. Loaded Objects now: 2293.
Total: 2.805800 ms (FindLiveObjects: 0.228600 ms CreateObjectMapping: 0.090200 ms MarkObjects: 2.295000 ms  DeleteObjects: 0.190500 ms)

========================================================================
Received Prepare
Registering precompiled user dll's ...
Registered in 0.000944 seconds.
Begin MonoManager ReloadAssembly
Native extension for WindowsStandalone target not found
Refreshing native plugins compatible for Editor in 0.60 ms, found 1 plugins.
Preloading 0 native plugins for Editor in 0.00 ms.
Mono: successfully reloaded assembly
- Completed reload, in  1.158 seconds
Platform modules already initialized, skipping
Refreshing native plugins compatible for Editor in 0.37 ms, found 1 plugins.
Preloading 0 native plugins for Editor in 0.00 ms.
Unloading 1806 Unused Serialized files (Serialized files now loaded: 0)
System memory in use before: 88.2 MB.
System memory in use after: 88.1 MB.

Unloading 12 unused Assets to reduce memory usage. Loaded Objects now: 2297.
Total: 2.951800 ms (FindLiveObjects: 0.298000 ms CreateObjectMapping: 0.103800 ms MarkObjects: 2.377600 ms  DeleteObjects: 0.170100 ms)

========================================================================
Received Prepare
Registering precompiled user dll's ...
Registered in 0.000978 seconds.
Begin MonoManager ReloadAssembly
Native extension for WindowsStandalone target not found
Refreshing native plugins compatible for Editor in 0.45 ms, found 1 plugins.
Preloading 0 native plugins for Editor in 0.00 ms.
Mono: successfully reloaded assembly
- Completed reload, in  1.033 seconds
Platform modules already initialized, skipping
Refreshing native plugins compatible for Editor in 0.34 ms, found 1 plugins.
Preloading 0 native plugins for Editor in 0.00 ms.
Unloading 1806 Unused Serialized files (Serialized files now loaded: 0)
System memory in use before: 88.2 MB.
System memory in use after: 88.1 MB.

Unloading 12 unused Assets to reduce memory usage. Loaded Objects now: 2301.
Total: 2.916800 ms (FindLiveObjects: 0.246900 ms CreateObjectMapping: 0.146400 ms MarkObjects: 2.381100 ms  DeleteObjects: 0.140700 ms)

========================================================================
Received Prepare
Registering precompiled user dll's ...
Registered in 0.000951 seconds.
Begin MonoManager ReloadAssembly
Native extension for WindowsStandalone target not found
Refreshing native plugins compatible for Editor in 0.34 ms, found 1 plugins.
Preloading 0 native plugins for Editor in 0.00 ms.
Mono: successfully reloaded assembly
- Completed reload, in  1.087 seconds
Platform modules already initialized, skipping
Refreshing native plugins compatible for Editor in 0.34 ms, found 1 plugins.
Preloading 0 native plugins for Editor in 0.00 ms.
Unloading 1806 Unused Serialized files (Serialized files now loaded: 0)
System memory in use before: 88.2 MB.
System memory in use after: 88.1 MB.

Unloading 12 unused Assets to reduce memory usage. Loaded Objects now: 2305.
Total: 3.067100 ms (FindLiveObjects: 0.413100 ms CreateObjectMapping: 0.080800 ms MarkObjects: 2.336800 ms  DeleteObjects: 0.234500 ms)

========================================================================
Received Prepare
Registering precompiled user dll's ...
Registered in 0.001565 seconds.
Begin MonoManager ReloadAssembly
Native extension for WindowsStandalone target not found
Refreshing native plugins compatible for Editor in 0.35 ms, found 1 plugins.
Preloading 0 native plugins for Editor in 0.00 ms.
Mono: successfully reloaded assembly
- Completed reload, in  0.997 seconds
Platform modules already initialized, skipping
Refreshing native plugins compatible for Editor in 0.39 ms, found 1 plugins.
Preloading 0 native plugins for Editor in 0.00 ms.
Unloading 1806 Unused Serialized files (Serialized files now loaded: 0)
System memory in use before: 88.2 MB.
System memory in use after: 88.2 MB.

Unloading 12 unused Assets to reduce memory usage. Loaded Objects now: 2309.
Total: 3.294500 ms (FindLiveObjects: 0.391700 ms CreateObjectMapping: 0.182500 ms MarkObjects: 2.435200 ms  DeleteObjects: 0.284000 ms)

========================================================================
Received Prepare
Registering precompiled user dll's ...
Registered in 0.001025 seconds.
Begin MonoManager ReloadAssembly
Native extension for WindowsStandalone target not found
Refreshing native plugins compatible for Editor in 0.33 ms, found 1 plugins.
Preloading 0 native plugins for Editor in 0.00 ms.
Mono: successfully reloaded assembly
- Completed reload, in  1.042 seconds
Platform modules already initialized, skipping
Refreshing native plugins compatible for Editor in 0.34 ms, found 1 plugins.
Preloading 0 native plugins for Editor in 0.00 ms.
Unloading 1806 Unused Serialized files (Serialized files now loaded: 0)
System memory in use before: 88.2 MB.
System memory in use after: 88.2 MB.

Unloading 12 unused Assets to reduce memory usage. Loaded Objects now: 2313.
Total: 2.264900 ms (FindLiveObjects: 0.235500 ms CreateObjectMapping: 0.068100 ms MarkObjects: 1.788500 ms  DeleteObjects: 0.171300 ms)

========================================================================
Received Prepare
Registering precompiled user dll's ...
Registered in 0.000959 seconds.
Begin MonoManager ReloadAssembly
Native extension for WindowsStandalone target not found
Refreshing native plugins compatible for Editor in 0.35 ms, found 1 plugins.
Preloading 0 native plugins for Editor in 0.00 ms.
Mono: successfully reloaded assembly
- Completed reload, in  1.048 seconds
Platform modules already initialized, skipping
Refreshing native plugins compatible for Editor in 0.36 ms, found 1 plugins.
Preloading 0 native plugins for Editor in 0.00 ms.
Unloading 1806 Unused Serialized files (Serialized files now loaded: 0)
System memory in use before: 88.2 MB.
System memory in use after: 88.2 MB.

Unloading 12 unused Assets to reduce memory usage. Loaded Objects now: 2317.
Total: 2.442200 ms (FindLiveObjects: 0.202300 ms CreateObjectMapping: 0.072700 ms MarkObjects: 1.981200 ms  DeleteObjects: 0.184900 ms)

========================================================================
Received Prepare
Registering precompiled user dll's ...
Registered in 0.001038 seconds.
Begin MonoManager ReloadAssembly
Native extension for WindowsStandalone target not found
Refreshing native plugins compatible for Editor in 0.45 ms, found 1 plugins.
Preloading 0 native plugins for Editor in 0.00 ms.
Mono: successfully reloaded assembly
- Completed reload, in  1.025 seconds
Platform modules already initialized, skipping
Refreshing native plugins compatible for Editor in 0.34 ms, found 1 plugins.
Preloading 0 native plugins for Editor in 0.00 ms.
Unloading 1806 Unused Serialized files (Serialized files now loaded: 0)
System memory in use before: 88.2 MB.
System memory in use after: 88.2 MB.

Unloading 12 unused Assets to reduce memory usage. Loaded Objects now: 2321.
Total: 3.583700 ms (FindLiveObjects: 0.446500 ms CreateObjectMapping: 0.106900 ms MarkObjects: 2.787600 ms  DeleteObjects: 0.241200 ms)

========================================================================
Received Prepare
Registering precompiled user dll's ...
Registered in 0.001004 seconds.
Begin MonoManager ReloadAssembly
Native extension for WindowsStandalone target not found
Refreshing native plugins compatible for Editor in 0.57 ms, found 1 plugins.
Preloading 0 native plugins for Editor in 0.00 ms.
Mono: successfully reloaded assembly
- Completed reload, in  1.044 seconds
Platform modules already initialized, skipping
Refreshing native plugins compatible for Editor in 0.36 ms, found 1 plugins.
Preloading 0 native plugins for Editor in 0.00 ms.
Unloading 1806 Unused Serialized files (Serialized files now loaded: 0)
System memory in use before: 88.2 MB.
System memory in use after: 88.2 MB.

Unloading 12 unused Assets to reduce memory usage. Loaded Objects now: 2325.
Total: 2.624000 ms (FindLiveObjects: 0.206200 ms CreateObjectMapping: 0.081800 ms MarkObjects: 2.167400 ms  DeleteObjects: 0.167300 ms)

========================================================================
Received Import Request.
  Time since last request: 1109.158500 seconds.
  path: Assets/Prefabs/Enemy.prefab
  artifactKey: Guid(0d0fef18100ed5744bf073de4c019559) Importer(815301076,1909f56bfc062723c751e8b465ee728b)
Start importing Assets/Prefabs/Enemy.prefab using Guid(0d0fef18100ed5744bf073de4c019559) Importer(815301076,1909f56bfc062723c751e8b465ee728b)  -> (artifact id: '1ccaa4cf18b33b58e5e84edc9c59291d') in 0.086464 seconds
  Import took 0.090651 seconds .

========================================================================
Received Prepare
Registering precompiled user dll's ...
Registered in 0.000954 seconds.
Begin MonoManager ReloadAssembly
Native extension for WindowsStandalone target not found
Refreshing native plugins compatible for Editor in 0.34 ms, found 1 plugins.
Preloading 0 native plugins for Editor in 0.00 ms.
Mono: successfully reloaded assembly
- Completed reload, in  0.884 seconds
Platform modules already initialized, skipping
Refreshing native plugins compatible for Editor in 1.37 ms, found 1 plugins.
Preloading 0 native plugins for Editor in 0.00 ms.
Unloading 1806 Unused Serialized files (Serialized files now loaded: 0)
System memory in use before: 88.2 MB.
System memory in use after: 88.2 MB.

Unloading 12 unused Assets to reduce memory usage. Loaded Objects now: 2330.
Total: 2.623700 ms (FindLiveObjects: 0.441600 ms CreateObjectMapping: 0.088900 ms MarkObjects: 1.919100 ms  DeleteObjects: 0.172500 ms)

========================================================================
Received Prepare
Registering precompiled user dll's ...
Registered in 0.000941 seconds.
Begin MonoManager ReloadAssembly
Native extension for WindowsStandalone target not found
Refreshing native plugins compatible for Editor in 0.51 ms, found 1 plugins.
Preloading 0 native plugins for Editor in 0.00 ms.
Mono: successfully reloaded assembly
- Completed reload, in  1.019 seconds
Platform modules already initialized, skipping
Refreshing native plugins compatible for Editor in 0.34 ms, found 1 plugins.
Preloading 0 native plugins for Editor in 0.00 ms.
Unloading 1806 Unused Serialized files (Serialized files now loaded: 0)
System memory in use before: 88.2 MB.
System memory in use after: 88.2 MB.

Unloading 12 unused Assets to reduce memory usage. Loaded Objects now: 2334.
Total: 3.515500 ms (FindLiveObjects: 0.368500 ms CreateObjectMapping: 0.080200 ms MarkObjects: 2.923600 ms  DeleteObjects: 0.141800 ms)

========================================================================
Received Prepare
Registering precompiled user dll's ...
Registered in 0.001581 seconds.
Begin MonoManager ReloadAssembly
Native extension for WindowsStandalone target not found
Refreshing native plugins compatible for Editor in 0.40 ms, found 1 plugins.
Preloading 0 native plugins for Editor in 0.00 ms.
Mono: successfully reloaded assembly
- Completed reload, in  1.173 seconds
Platform modules already initialized, skipping
Refreshing native plugins compatible for Editor in 0.36 ms, found 1 plugins.
Preloading 0 native plugins for Editor in 0.00 ms.
Unloading 1807 Unused Serialized files (Serialized files now loaded: 0)
System memory in use before: 88.3 MB.
System memory in use after: 88.2 MB.

Unloading 12 unused Assets to reduce memory usage. Loaded Objects now: 2339.
Total: 2.615700 ms (FindLiveObjects: 0.488900 ms CreateObjectMapping: 0.090600 ms MarkObjects: 1.866900 ms  DeleteObjects: 0.166700 ms)

========================================================================
Received Import Request.
  Time since last request: 960.727992 seconds.
  path: Assets/Scripts/NewBehaviourScript.cs
  artifactKey: Guid(a4d527a8199af3144a1228a74e170b15) Importer(815301076,1909f56bfc062723c751e8b465ee728b)
Start importing Assets/Scripts/NewBehaviourScript.cs using Guid(a4d527a8199af3144a1228a74e170b15) Importer(815301076,1909f56bfc062723c751e8b465ee728b)  -> (artifact id: '73223efbda8f2e2a43500ab78df25200') in 0.012622 seconds
  Import took 0.016365 seconds .

========================================================================
Received Import Request.
  Time since last request: 0.536243 seconds.
  path: Assets/Scripts/NewBehaviourScript.cs
  artifactKey: Guid(a4d527a8199af3144a1228a74e170b15) Importer(815301076,1909f56bfc062723c751e8b465ee728b)
Start importing Assets/Scripts/NewBehaviourScript.cs using Guid(a4d527a8199af3144a1228a74e170b15) Importer(815301076,1909f56bfc062723c751e8b465ee728b)  -> (artifact id: '73223efbda8f2e2a43500ab78df25200') in 0.004374 seconds
  Import took 0.008805 seconds .

========================================================================
Received Import Request.
  Time since last request: 3.704533 seconds.
  path: Assets/Scripts/WaveConfig.cs
  artifactKey: Guid(a4d527a8199af3144a1228a74e170b15) Importer(815301076,1909f56bfc062723c751e8b465ee728b)
Start importing Assets/Scripts/WaveConfig.cs using Guid(a4d527a8199af3144a1228a74e170b15) Importer(815301076,1909f56bfc062723c751e8b465ee728b)  -> (artifact id: '22216d1ed8c5f3f6d85b2987d41a351b') in 0.011062 seconds
  Import took 0.016798 seconds .

========================================================================
Received Prepare
Registering precompiled user dll's ...
Registered in 0.001502 seconds.
Begin MonoManager ReloadAssembly
Native extension for WindowsStandalone target not found
Refreshing native plugins compatible for Editor in 0.66 ms, found 1 plugins.
Preloading 0 native plugins for Editor in 0.00 ms.
Mono: successfully reloaded assembly
- Completed reload, in  1.169 seconds
Platform modules already initialized, skipping
Refreshing native plugins compatible for Editor in 0.34 ms, found 1 plugins.
Preloading 0 native plugins for Editor in 0.00 ms.
Unloading 1807 Unused Serialized files (Serialized files now loaded: 0)
System memory in use before: 88.3 MB.
System memory in use after: 88.3 MB.

Unloading 12 unused Assets to reduce memory usage. Loaded Objects now: 2343.
Total: 3.390300 ms (FindLiveObjects: 0.395900 ms CreateObjectMapping: 0.160200 ms MarkObjects: 2.676400 ms  DeleteObjects: 0.155800 ms)

========================================================================
Received Prepare
Registering precompiled user dll's ...
Registered in 0.001205 seconds.
Begin MonoManager ReloadAssembly
Native extension for WindowsStandalone target not found
Refreshing native plugins compatible for Editor in 0.38 ms, found 1 plugins.
Preloading 0 native plugins for Editor in 0.00 ms.
Mono: successfully reloaded assembly
- Completed reload, in  1.030 seconds
Platform modules already initialized, skipping
Refreshing native plugins compatible for Editor in 0.37 ms, found 1 plugins.
Preloading 0 native plugins for Editor in 0.00 ms.
Unloading 1807 Unused Serialized files (Serialized files now loaded: 0)
System memory in use before: 88.3 MB.
System memory in use after: 88.3 MB.

Unloading 12 unused Assets to reduce memory usage. Loaded Objects now: 2347.
Total: 4.140400 ms (FindLiveObjects: 0.585300 ms CreateObjectMapping: 0.178600 ms MarkObjects: 3.125500 ms  DeleteObjects: 0.248900 ms)

========================================================================
Received Import Request.
  Time since last request: 70.318887 seconds.
  path: Assets/Scripts/WaveConfig.cs
  artifactKey: Guid(a4d527a8199af3144a1228a74e170b15) Importer(815301076,1909f56bfc062723c751e8b465ee728b)
Start importing Assets/Scripts/WaveConfig.cs using Guid(a4d527a8199af3144a1228a74e170b15) Importer(815301076,1909f56bfc062723c751e8b465ee728b)  -> (artifact id: '90951d228ddb91245cff46c1212fd591') in 0.006167 seconds
  Import took 0.009200 seconds .

AssetImportWorkerClient::OnTransportError - code=2 error=End of file
